## STDOUT ##

[[92mINFO[0m] SC2 4.9.0 ìš© íŒ¨ì¹˜ ì ìš©
íŒ¨ì¹˜ sc2.ids.ability_id
íŒ¨ì¹˜ sc2.game_state
íŒ¨ì¹˜ sc2.bot_ai
íŒ¨ì¹˜ sc2.client
íŒ¨ì¹˜ sc2.controller
íŒ¨ì¹˜ sc2.main
INFO:sc2.protocol:Client status changed to Status.launched (was None)
INFO:sc2_patch.sc2_patch_490.controller:Creating new game
INFO:sc2_patch.sc2_patch_490.controller:Map:     NCFellowship-2019_m1_v7
INFO:sc2_patch.sc2_patch_490.controller:Players: Bot(Race.Terran, <bots.big.bot.Bot object at 0x7f0e500f0860>), Bot(Race.Terran, <bots.big.bot.Bot object at 0x7f0e4200bbe0>)
INFO:sc2.protocol:Client status changed to Status.init_game (was Status.launched)
INFO:sc2.protocol:Client status changed to Status.launched (was None)
INFO:sc2.protocol:Client status changed to Status.in_game (was None)
INFO:root:Player 2 - Bot(Race.Terran, <bots.big.bot.Bot object at 0x7f0e4200bbe0>)
TEST: 2, <bots.big.bot.Bot object at 0x7f0e4200bbe0>
INFO:sc2.protocol:Client status changed to Status.in_game (was None)
INFO:root:Player 1 - Bot(Race.Terran, <bots.big.bot.Bot object at 0x7f0e500f0860>)
TEST: 1, <bots.big.bot.Bot object at 0x7f0e500f0860>


ready
ready
ready
ready
ready
ready
ready
ready
ready
ready
ready
ready
ready
ready
ready
ready
ready
ready
ready
ready
ready
ready
ready
ready
ready
ready
ready
ready
ready
ready
ready
ready
ready
ready
ready
ready
ready
ready
ready
ready
ready
ready
ready
ready
ready
ready
ready
ready
ready
ready
ready
ready
ready
ready
ready
ready
ready
ready
ready
ready
ready
ready
go
go
go
go
go
go
go
go
go
go
go
go
go
go
go
go
go
go
go
go
go
go
go
go
go
go
go
go
go
go
go
go
go
go
go
go
go
go
combat
combat
fallback
combat
fallback
fallback
fallback
fallback
fallback
fallback
fallback
fallback
fallback
fallback
fallback
fallback
fallback
fallback
ready
ready
ready
ready
ready
ready
ready
ready
ready
ready
ready
ready
ready
ready
ready
ready
ready
ready
ready
ready
ready
ready
ready
ready
ready
ready
ready
ready
ready
ready
ready
ready
ready
ready
ready
ready
ready
ready
ready
ready
ready
ready
ready
ready
ready
ready
ready
ready
ready
ready
ready
ready
ready
ready
ready
ready
ready
ready
ready
ready
ready
ready
ready
ready
ready
ready
ready
ready
ready
ready
ready
ready
ready
ready
ready
ready
ready
ready
ready
ready
ready
ready
ready
ready
ready
ready
ready
ready
ready
ready
ready
ready
ready
ready
ready
ready
ready
ready
ready
ready
ready
ready
ready
ready
ready
ready
ready
ready
ready
ready
ready
ready
ready
ready
ready
ready
ready
ready
ready
ready
ready
ready
ready
ready
ready
ready
ready
ready
ready
ready
ready
ready
ready
ready
ready
ready
ready
ready
ready
ready
ready
ready
ready
ready
ready
ready
ready
ready
ready
ready
ready
ready
ready
ready
ready
ready
ready
ready
ready
ready
ready
ready
ready
ready
ready
ready
ready
ready
ready
ready
ready
ready
ready
ready
ready
ready
ready
ready
ready
ready
ready
ready
ready
ready
ready
ready
ready
ready
ready
ready
ready
ready
ready
ready
ready
ready
ready
ready
ready
ready
ready
ready
ready
ready
ready
ready
ready
ready
ready
ready
ready
ready
ready
ready
ready
ready
ready
ready
ready
ready
ready
ready
ready
ready
ready
ready
ready
ready
ready
ready
ready
ready
ready
ready
ready
ready
ready
ready
ready
ready
ready
ready
ready
ready
ready
ready
ready
ready
ready
ready
ready
ready
ready
ready
ready
ready
ready
ready
ready
ready
ready
ready
ready
go
ready
go
ready
go
ready
go
ready
go
ready
go
ready
go
go
ready
go
ready
ready
go
ready
combat
ready
fallback
ready
fallback
ready
fallback
ready
fallback
ready
fallback
ready
fallback
ready
fallback
ready
fallback
fallback
ready
go
ready
go
ready
go
ready
go
ready
go
ready
go
ready
go
ready
ready
go
go
ready
go
ready
go
ready
go
ready
go
ready
go
ready
go
ready
go
go
go
go
go
go
go
go
go
combat
go
fallback
go
fallback
fallback
go
fallback
go
fallback
combat
combat
fallback
combat
fallback
combat
fallback
combat
fallback
ready
fallback
ready
fallback
ready
fallback
ready
fallback
ready
fallback
ready
fallback
ready
fallback
ready
ready
ready
ready
ready
ready
ready
ready
ready
ready
ready
ready
ready
ready
ready
ready
ready
ready
ready
ready
ready
ready
ready
ready
ready
ready
ready
ready
ready
ready
ready
ready
ready
ready
ready
ready
ready
ready
ready
ready
ready
ready
ready
ready
ready
ready
ready
ready
ready
ready
ready
ready
ready
ready
ready
ready
ready
ready
ready
ready
ready
ready
ready
ready
ready
ready
ready
ready
ready
ready
ready
ready
ready
ready
ready
ready
ready
ready
ready
ready
ready
ready
ready
ready
ready
ready
ready
ready
ready
ready
ready
ready
ready
ready
ready
ready
ready
ready
ready
ready
ready
ready
ready
ready
ready
ready
ready
ready
ready
ready
ready
ready
ready
ready
ready
ready
ready
ready
ready
ready
ready
ready
ready
ready
ready
ready
ready
ready
ready
ready
ready
ready
ready
ready
ready
ready
ready
ready
ready
ready
ready
ready
ready
ready
ready
ready
ready
ready
ready
ready
ready
ready
ready
ready
ready
ready
ready
ready
ready
ready
ready
ready
ready
ready
ready
ready
ready
ready
ready
ready
ready
ready
ready
ready
ready
ready
ready
ready
ready
ready
ready
ready
ready
ready
ready
ready
ready
ready
ready
ready
ready
ready
ready
ready
ready
ready
ready
ready
ready
ready
ready
ready
ready
go
go
ready
go
go
ready
go
go
ready
go
go
ready
go
go
go
go
go
go
go
go
go
go
combat
<bots.big.bot.CombatGroupManager object at 0x7f0e64ff70f0>
<bots.big.bot.CombatGroupManager object at 0x7f0e65069550>
<bots.big.bot.CombatGroupManager object at 0x7f0e65069550>
<bots.big.bot.CombatGroupManager object at 0x7f0e64ff70f0>
<bots.big.bot.CombatGroupManager object at 0x7f0e65069550>
<bots.big.bot.CombatGroupManager object at 0x7f0e64ff70f0>
<bots.big.bot.CombatGroupManager object at 0x7f0e64ff70f0>
<bots.big.bot.CombatGroupManager object at 0x7f0e65069550>
INFO:sc2.protocol:Client status changed to Status.ended (was Status.in_game)
INFO:sc2.protocol:Client status changed to Status.ended (was Status.in_game)
INFO:root:Result for player 2 - Bot(Race.Terran, <bots.big.bot.Bot object at 0x7f0e4200bbe0>): Defeat
INFO:root:Result for player 1 - Bot(Race.Terran, <bots.big.bot.Bot object at 0x7f0e500f0860>): Victory
INFO:sc2.client:Saved replay to outs/2020-02-06T11-52-22/replays/big-big/big-big-9.SC2Replay
INFO:sc2.protocol:Client status changed to Status.launched (was Status.ended)
INFO:sc2.protocol:Client status changed to Status.quit (was Status.launched)
INFO:sc2.sc2process:kill_switch: Process cleanup
INFO:sc2.sc2process:Cleaning up...
INFO:sc2.sc2process:Cleanup complete
INFO:sc2.sc2process:Cleaning up...
INFO:sc2.sc2process:Cleanup complete
INFO:sc2.protocol:Cannot receive: Connection already closed.
INFO:sc2.sc2process:kill_switch: Process cleanup
INFO:sc2.sc2process:Cleaning up...
INFO:sc2.sc2process:Cleanup complete
INFO:sc2.sc2process:Cleaning up...
INFO:sc2.sc2process:Cleanup complete


## STDERR ##

Version: B75689 (SC2.4.10)
Build: Aug 12 2019 17:16:57
Command Line: '"/home/hspark8312/StarCraftII/Versions/Base75689/SC2_x64" -listen 127.0.0.1 -port 23825 -displayMode 0 -dataDir /home/hspark8312/StarCraftII -tempDir /tmp/SC2_eivopmcv'
Starting up...
Startup Phase 1 complete
Version: B75689 (SC2.4.10)
Build: Aug 12 2019 17:16:57
Command Line: '"/home/hspark8312/StarCraftII/Versions/Base75689/SC2_x64" -listen 127.0.0.1 -port 19208 -displayMode 0 -dataDir /home/hspark8312/StarCraftII -tempDir /tmp/SC2_9wdjcq9i'
Starting up...
Startup Phase 1 complete
Startup Phase 2 complete
Creating stub renderer...
Listening on: 127.0.0.1:23825
Startup Phase 3 complete. Ready for commands.
Startup Phase 2 complete
Creating stub renderer...
Listening on: 127.0.0.1:19208
ConnectHandler: Request from 127.0.0.1:63295 accepted
ReadyHandler: 127.0.0.1:63295 ready
Startup Phase 3 complete. Ready for commands.
Requesting to join a multiplayer game
Configuring interface options
Configure: raw interface enabled
Configure: feature layer interface enabled
Configure: score interface enabled
Configure: render interface disabled
Create game with map path: NCFellowship-2019_m1_v7.SC2Map
ConnectHandler: Request from 127.0.0.1:63296 accepted
ReadyHandler: 127.0.0.1:63296 ready
Requesting to join a multiplayer game
Configuring interface options
Configure: raw interface enabled
Configure: feature layer interface enabled
Configure: score interface enabled
Configure: render interface disabled
Attempting to join a game with the map: NCFellowship-2019_m1_v7.SC2Map
Game has started.
Using default stable ids, none found at: /home/hspark8312/StarCraftII/stableid.json
Successfully loaded stable ids: GameData\stableid.json
Sending ResponseJoinGame
Game has started.
Using default stable ids, none found at: /home/hspark8312/StarCraftII/stableid.json
Successfully loaded stable ids: GameData\stableid.json
Sending ResponseJoinGame
RequestQuit command received.
Closing Application...
CloseHandler: 127.0.0.1:63296 disconnected
Terminate action already called.
/mnt/d/sc2minigame-eval-2020-01-09/bots/big/bot.py:1285: RuntimeWarning: coroutine 'StrategicManager.step' was never awaited
  self.strategic_manager.step()
