## STDOUT ##

[[92mINFO[0m] SC2 4.9.0 ìš© íŒ¨ì¹˜ ì ìš©
íŒ¨ì¹˜ sc2.ids.ability_id
íŒ¨ì¹˜ sc2.game_state
íŒ¨ì¹˜ sc2.bot_ai
íŒ¨ì¹˜ sc2.client
íŒ¨ì¹˜ sc2.controller
íŒ¨ì¹˜ sc2.main
INFO:sc2.protocol:Client status changed to Status.launched (was None)
INFO:sc2_patch.sc2_patch_490.controller:Creating new game
INFO:sc2_patch.sc2_patch_490.controller:Map:     NCFellowship-2019_m1_v7
INFO:sc2_patch.sc2_patch_490.controller:Players: Bot(Race.Terran, <bots.big.bot.Bot object at 0x7fcd18216860>), Bot(Race.Terran, <bots.big.bot.Bot object at 0x7fcd0a12bb70>)
INFO:sc2.protocol:Client status changed to Status.init_game (was Status.launched)
INFO:sc2.protocol:Client status changed to Status.launched (was None)
INFO:sc2.protocol:Client status changed to Status.in_game (was None)
INFO:root:Player 1 - Bot(Race.Terran, <bots.big.bot.Bot object at 0x7fcd18216860>)
TEST: 1, <bots.big.bot.Bot object at 0x7fcd18216860>
INFO:sc2.protocol:Client status changed to Status.in_game (was None)
INFO:root:Player 2 - Bot(Race.Terran, <bots.big.bot.Bot object at 0x7fcd0a12bb70>)
TEST: 2, <bots.big.bot.Bot object at 0x7fcd0a12bb70>


ready
ready
ready
ready
ready
ready
ready
ready
ready
ready
ready
ready
ready
ready
ready
ready
ready
ready
ready
ready
ready
ready
ready
ready
ready
ready
ready
ready
ready
ready
ready
ready
ready
ready
ready
ready
ready
ready
ready
ready
ready
ready
ready
ready
ready
ready
ready
ready
ready
ready
ready
ready
ready
ready
ready
ready
ready
ready
ready
ready
ready
ready
go
go
go
go
go
go
go
go
go
go
go
go
go
go
go
go
go
go
go
go
go
go
go
go
go
go
go
go
go
go
go
go
go
go
go
go
go
go
combat
combat
combat
combat
fallback
combat
fallback
combat
combat
fallback
combat
fallback
combat
fallback
combat
fallback
combat
fallback
combat
fallback
fallback
ready
fallback
ready
fallback
ready
fallback
ready
fallback
ready
fallback
ready
fallback
ready
fallback
ready
fallback
ready
ready
ready
ready
ready
ready
ready
ready
ready
ready
ready
ready
ready
ready
ready
ready
ready
ready
ready
ready
ready
ready
ready
ready
ready
ready
ready
ready
ready
ready
ready
ready
ready
ready
ready
ready
ready
ready
ready
ready
ready
ready
ready
ready
ready
ready
ready
ready
ready
ready
ready
ready
ready
ready
ready
ready
ready
ready
ready
ready
ready
ready
ready
ready
ready
ready
ready
ready
ready
ready
ready
ready
ready
ready
ready
ready
ready
ready
ready
ready
ready
ready
ready
ready
ready
ready
ready
ready
ready
ready
ready
ready
ready
ready
ready
ready
ready
ready
ready
ready
ready
ready
ready
ready
ready
ready
ready
ready
ready
ready
ready
ready
ready
ready
ready
ready
ready
ready
ready
ready
ready
ready
ready
ready
ready
ready
ready
ready
ready
ready
ready
ready
ready
ready
ready
ready
ready
ready
ready
ready
ready
ready
ready
ready
ready
ready
ready
ready
ready
ready
ready
ready
ready
ready
ready
ready
ready
ready
ready
ready
ready
ready
ready
ready
ready
ready
ready
ready
ready
ready
ready
ready
ready
ready
ready
ready
ready
ready
ready
ready
ready
ready
ready
ready
ready
ready
ready
ready
ready
ready
ready
ready
ready
ready
ready
ready
ready
ready
ready
ready
ready
ready
ready
ready
ready
ready
ready
ready
ready
ready
ready
ready
ready
ready
ready
ready
ready
ready
ready
ready
ready
ready
ready
ready
ready
ready
ready
go
ready
go
ready
go
ready
go
ready
ready
go
go
go
go
go
go
go
go
go
go
go
go
go
go
go
go
go
go
go
go
go
go
go
go
go
go
go
go
go
go
go
go
go
combat
combat
fallback
fallback
fallback
fallback
fallback
fallback
fallback
fallback
fallback
fallback
fallback
fallback
fallback
fallback
fallback
ready
fallback
ready
fallback
ready
fallback
ready
fallback
ready
fallback
ready
ready
ready
ready
ready
ready
ready
ready
ready
ready
ready
ready
ready
ready
ready
ready
ready
ready
ready
ready
ready
ready
ready
ready
ready
ready
ready
ready
ready
ready
ready
ready
ready
ready
ready
ready
ready
ready
ready
ready
ready
ready
ready
ready
ready
ready
ready
ready
ready
ready
ready
ready
ready
ready
ready
ready
ready
ready
ready
ready
ready
ready
ready
ready
ready
ready
ready
ready
ready
ready
ready
ready
ready
ready
ready
ready
ready
ready
ready
ready
ready
ready
ready
ready
ready
ready
ready
ready
ready
ready
ready
ready
ready
ready
ready
ready
ready
ready
ready
ready
ready
ready
ready
ready
ready
ready
ready
ready
ready
ready
ready
ready
ready
ready
ready
ready
ready
ready
ready
ready
ready
ready
ready
ready
ready
ready
ready
ready
ready
ready
ready
ready
ready
ready
ready
ready
ready
ready
ready
ready
ready
ready
ready
ready
ready
ready
ready
ready
ready
ready
ready
ready
ready
ready
ready
ready
ready
ready
ready
ready
ready
ready
ready
ready
ready
ready
ready
ready
ready
ready
ready
ready
ready
ready
ready
ready
ready
ready
ready
ready
ready
ready
ready
ready
ready
ready
ready
ready
ready
ready
ready
ready
ready
ready
ready
ready
ready
ready
ready
ready
ready
ready
ready
ready
ready
ready
ready
ready
ready
ready
ready
ready
ready
ready
ready
ready
ready
ready
ready
ready
ready
ready
ready
ready
ready
ready
ready
ready
ready
ready
ready
ready
ready
ready
ready
ready
ready
ready
ready
ready
ready
ready
ready
ready
ready
ready
ready
ready
ready
ready
ready
ready
ready
ready
ready
ready
ready
ready
ready
ready
ready
ready
ready
ready
ready
ready
ready
ready
ready
ready
ready
ready
ready
ready
ready
ready
ready
ready
ready
ready
ready
ready
ready
ready
ready
ready
ready
ready
ready
ready
ready
ready
ready
ready
ready
ready
ready
ready
ready
ready
ready
ready
ready
go
ready
ready
ready
ready
go
ready
ready
go
ready
ready
go
<bots.big.bot.CombatGroupManager object at 0x7fcd2d183e80>
<bots.big.bot.CombatGroupManager object at 0x7fcd2d1180b8>
<bots.big.bot.CombatGroupManager object at 0x7fcd2d183e80>
<bots.big.bot.CombatGroupManager object at 0x7fcd2d1180b8>
<bots.big.bot.CombatGroupManager object at 0x7fcd2d183e80>
<bots.big.bot.CombatGroupManager object at 0x7fcd2d1180b8>
<bots.big.bot.CombatGroupManager object at 0x7fcd2d183e80>
<bots.big.bot.CombatGroupManager object at 0x7fcd2d1180b8>
INFO:sc2.protocol:Client status changed to Status.ended (was Status.in_game)
INFO:sc2.protocol:Client status changed to Status.ended (was Status.in_game)
INFO:root:Result for player 2 - Bot(Race.Terran, <bots.big.bot.Bot object at 0x7fcd0a12bb70>): Defeat
INFO:root:Result for player 1 - Bot(Race.Terran, <bots.big.bot.Bot object at 0x7fcd18216860>): Victory
INFO:sc2.client:Saved replay to outs/2020-02-06T11-52-22/replays/big-big/big-big-36.SC2Replay
INFO:sc2.protocol:Client status changed to Status.launched (was Status.ended)
INFO:sc2.protocol:Client status changed to Status.quit (was Status.launched)
INFO:sc2.sc2process:kill_switch: Process cleanup
INFO:sc2.sc2process:Cleaning up...
INFO:sc2.sc2process:Cleanup complete
INFO:sc2.sc2process:Cleaning up...
INFO:sc2.sc2process:Cleanup complete
INFO:sc2.protocol:Cannot receive: Connection already closed.
INFO:sc2.sc2process:kill_switch: Process cleanup
INFO:sc2.sc2process:Cleaning up...
INFO:sc2.sc2process:Cleanup complete
INFO:sc2.sc2process:Cleaning up...
INFO:sc2.sc2process:Cleanup complete


## STDERR ##

Version: B75689 (SC2.4.10)
Build: Aug 12 2019 17:16:57
Command Line: '"/home/hspark8312/StarCraftII/Versions/Base75689/SC2_x64" -listen 127.0.0.1 -port 23244 -displayMode 0 -dataDir /home/hspark8312/StarCraftII -tempDir /tmp/SC2_j1t6k7u7'
Starting up...
Startup Phase 1 complete
Version: B75689 (SC2.4.10)
Build: Aug 12 2019 17:16:57
Command Line: '"/home/hspark8312/StarCraftII/Versions/Base75689/SC2_x64" -listen 127.0.0.1 -port 20387 -displayMode 0 -dataDir /home/hspark8312/StarCraftII -tempDir /tmp/SC2_cx2yv1xa'
Starting up...
Startup Phase 1 complete
Startup Phase 2 complete
Creating stub renderer...
Listening on: 127.0.0.1:23244
Startup Phase 3 complete. Ready for commands.
Startup Phase 2 complete
Creating stub renderer...
Listening on: 127.0.0.1:20387
Startup Phase 3 complete. Ready for commands.
ConnectHandler: Request from 127.0.0.1:52257 accepted
ReadyHandler: 127.0.0.1:52257 ready
Requesting to join a multiplayer game
Configuring interface options
Configure: raw interface enabled
Configure: feature layer interface enabled
Configure: score interface enabled
Configure: render interface disabled
Create game with map path: NCFellowship-2019_m1_v7.SC2Map
ConnectHandler: Request from 127.0.0.1:52261 accepted
ReadyHandler: 127.0.0.1:52261 ready
Requesting to join a multiplayer game
Configuring interface options
Configure: raw interface enabled
Configure: feature layer interface enabled
Configure: score interface enabled
Configure: render interface disabled
Attempting to join a game with the map: NCFellowship-2019_m1_v7.SC2Map
Game has started.
Using default stable ids, none found at: /home/hspark8312/StarCraftII/stableid.json
Successfully loaded stable ids: GameData\stableid.json
Sending ResponseJoinGame
Game has started.
Using default stable ids, none found at: /home/hspark8312/StarCraftII/stableid.json
Successfully loaded stable ids: GameData\stableid.json
Sending ResponseJoinGame
RequestQuit command received.
Closing Application...
CloseHandler: 127.0.0.1:52261 disconnected
Terminate action already called.
/mnt/d/sc2minigame-eval-2020-01-09/bots/big/bot.py:1285: RuntimeWarning: coroutine 'StrategicManager.step' was never awaited
  self.strategic_manager.step()
